  echo_client_win.c
c:\users\goka\documents\visual studio 2017\projects\socket\echo_server_win\echo_client_win.c(37): warning C4013: 'purts'이(가) 정의되지 않았습니다. extern은 int형을 반환하는 것으로 간주합니다.
c:\users\goka\documents\visual studio 2017\projects\socket\echo_server_win\echo_client_win.c(47): warning C4267: '함수': 'size_t'에서 'int'(으)로 변환하면서 데이터가 손실될 수 있습니다.
c:\users\goka\documents\visual studio 2017\projects\socket\echo_server_win\echo_client_win.c(31): warning C4996: 'inet_addr': Use inet_pton() or InetPton() instead or define _WINSOCK_DEPRECATED_NO_WARNINGS to disable deprecated API warnings
  c:\program files (x86)\windows kits\10\include\10.0.17763.0\um\winsock2.h(1831): note: 'inet_addr' 선언을 참조하십시오.
  echo_server_win.c
  코드를 생성하고 있습니다...
echo_server_win.obj : error LNK2005: ErrorHandling이(가) echo_client_win.obj에 이미 정의되어 있습니다.
echo_server_win.obj : error LNK2005: main이(가) echo_client_win.obj에 이미 정의되어 있습니다.
echo_client_win.obj : error LNK2019: __imp_closesocket 외부 기호(참조 위치: main 함수)에서 확인하지 못했습니다.
echo_server_win.obj : error LNK2001: __imp_closesocket 외부 기호를 확인할 수 없습니다.
echo_client_win.obj : error LNK2019: __imp_connect 외부 기호(참조 위치: main 함수)에서 확인하지 못했습니다.
echo_client_win.obj : error LNK2019: __imp_htons 외부 기호(참조 위치: main 함수)에서 확인하지 못했습니다.
echo_server_win.obj : error LNK2001: __imp_htons 외부 기호를 확인할 수 없습니다.
echo_client_win.obj : error LNK2019: __imp_inet_addr 외부 기호(참조 위치: main 함수)에서 확인하지 못했습니다.
echo_client_win.obj : error LNK2019: __imp_recv 외부 기호(참조 위치: main 함수)에서 확인하지 못했습니다.
echo_server_win.obj : error LNK2001: __imp_recv 외부 기호를 확인할 수 없습니다.
echo_client_win.obj : error LNK2019: __imp_send 외부 기호(참조 위치: main 함수)에서 확인하지 못했습니다.
echo_server_win.obj : error LNK2001: __imp_send 외부 기호를 확인할 수 없습니다.
echo_client_win.obj : error LNK2019: __imp_socket 외부 기호(참조 위치: main 함수)에서 확인하지 못했습니다.
echo_server_win.obj : error LNK2001: __imp_socket 외부 기호를 확인할 수 없습니다.
echo_client_win.obj : error LNK2019: __imp_WSAStartup 외부 기호(참조 위치: main 함수)에서 확인하지 못했습니다.
echo_server_win.obj : error LNK2001: __imp_WSAStartup 외부 기호를 확인할 수 없습니다.
echo_client_win.obj : error LNK2019: __imp_WSACleanup 외부 기호(참조 위치: main 함수)에서 확인하지 못했습니다.
echo_server_win.obj : error LNK2001: __imp_WSACleanup 외부 기호를 확인할 수 없습니다.
echo_client_win.obj : error LNK2019: purts 외부 기호(참조 위치: main 함수)에서 확인하지 못했습니다.
echo_server_win.obj : error LNK2019: __imp_accept 외부 기호(참조 위치: main 함수)에서 확인하지 못했습니다.
echo_server_win.obj : error LNK2019: __imp_bind 외부 기호(참조 위치: main 함수)에서 확인하지 못했습니다.
echo_server_win.obj : error LNK2019: __imp_htonl 외부 기호(참조 위치: main 함수)에서 확인하지 못했습니다.
echo_server_win.obj : error LNK2019: __imp_listen 외부 기호(참조 위치: main 함수)에서 확인하지 못했습니다.
C:\Users\GOKA\Documents\Visual Studio 2017\Projects\socket\echo_server_win\x64\Debug\echo_server_win.exe : fatal error LNK1120: 14개의 확인할 수 없는 외부 참조입니다.
